0 info it worked if it ends with ok
1 verbose cli [ 'node',
1 verbose cli   '/usr/local/bin/npm',
1 verbose cli   'install',
1 verbose cli   'gulp-csso',
1 verbose cli   '--save-dev' ]
2 info using npm@2.1.12
3 info using node@v0.10.33
4 verbose node symlink /usr/local/bin/node
5 verbose stack Error: Failed to parse json
5 verbose stack Unexpected token c
5 verbose stack     at parseError (/usr/local/lib/node_modules/npm/node_modules/read-package-json/read-json.js:378:25)
5 verbose stack     at parseJson (/usr/local/lib/node_modules/npm/node_modules/read-package-json/read-json.js:85:51)
5 verbose stack     at /usr/local/lib/node_modules/npm/node_modules/read-package-json/read-json.js:59:33
5 verbose stack     at evalmachine.<anonymous>:271:14
5 verbose stack     at /usr/local/lib/node_modules/npm/node_modules/graceful-fs/graceful-fs.js:102:5
5 verbose stack     at Object.oncomplete (evalmachine.<anonymous>:107:15)
6 verbose cwd /Users/jack/Projects/jackhanford.github.io
7 error Darwin 14.1.0
8 error argv "node" "/usr/local/bin/npm" "install" "gulp-csso" "--save-dev"
9 error node v0.10.33
10 error npm  v2.1.12
11 error file /Users/jack/Projects/jackhanford.github.io/package.json
12 error code EJSONPARSE
13 error Failed to parse json
13 error Unexpected token c
14 error File: /Users/jack/Projects/jackhanford.github.io/package.json
15 error Failed to parse package.json data.
15 error package.json must be actual JSON, not just JavaScript.
15 error
15 error This is not a bug in npm.
15 error Tell the package author to fix their package.json file. JSON.parse
16 verbose exit [ 1, true ]
